<?xml version="1.0" encoding="UTF-8"?>
<!-- Generated by org.testng.reporters.JUnitReportReporter -->
<testsuite hostname="DESKTOP-I9K8KLP" name="com.fb.Sample" tests="1" failures="0" timestamp="6 Jan 2022 18:47:54 GMT" time="4.087" errors="0">
  <testcase name="launchBrowser" time="4.087" classname="com.fb.Sample"/>
</testsuite> <!-- com.fb.Sample -->
